<?xml version="1.0" encoding="UTF-8"?>
<robot generator="Robot 4.1.1 (Python 3.10.0 on win32)" generated="20211006 17:58:54.349" rpa="false" schemaversion="2">
<suite id="s1" name="Minha Suite" source="C:\Users\Prime\Documents\Projetos\PrimeTeste\webtesting\minha_suite.robot">
<test id="s1-t1" name="Caso de teste 01: pesquisar um produto no Site">
<kw name="Acessar a pagina home do site da loja" library="resource">
<kw name="Open Browser" library="SeleniumLibrary">
<arg>url=${URL}</arg>
<arg>browser=${BROWSER}</arg>
<doc>Opens a new browser instance to the optional ``url``.</doc>
<msg timestamp="20211006 17:58:54.547" level="INFO">Opening browser 'chrome' to base url 'http://automationpractice.com/index.php'.</msg>
<status status="PASS" starttime="20211006 17:58:54.546" endtime="20211006 17:59:06.649"/>
</kw>
<status status="PASS" starttime="20211006 17:58:54.546" endtime="20211006 17:59:06.649"/>
</kw>
<kw name="Digitar o produto &quot;blouse&quot; no campo de pesquisa" library="resource" sourcename="Digitar o produto &quot;${PRODUTO}&quot; no campo de pesquisa">
<kw name="Input Text" library="SeleniumLibrary">
<arg>id=search_query_top</arg>
<arg>${PRODUTO}</arg>
<doc>Types the given ``text`` into the text field identified by ``locator``.</doc>
<msg timestamp="20211006 17:59:06.651" level="INFO">Typing text 'blouse' into text field 'id=search_query_top'.</msg>
<status status="PASS" starttime="20211006 17:59:06.651" endtime="20211006 17:59:06.738"/>
</kw>
<status status="PASS" starttime="20211006 17:59:06.650" endtime="20211006 17:59:06.738"/>
</kw>
<kw name="Clicar no botão pesquisar" library="resource">
<kw name="Click Element" library="SeleniumLibrary">
<arg>name=submit_search</arg>
<doc>Click the element identified by ``locator``.</doc>
<msg timestamp="20211006 17:59:06.740" level="INFO">Clicking element 'name=submit_search'.</msg>
<status status="PASS" starttime="20211006 17:59:06.739" endtime="20211006 17:59:06.784"/>
</kw>
<status status="PASS" starttime="20211006 17:59:06.739" endtime="20211006 17:59:06.785"/>
</kw>
<kw name="Conferir se o produto &quot;blouse&quot; é exibido corretamente" library="resource" sourcename="Conferir se o produto &quot;${PRODUTO}&quot; é exibido corretamente">
<kw name="Wait Until Element Is Visible" library="SeleniumLibrary">
<arg>xpath=//*[@id="center_column"]/ul/li/div/div[1]/div/a[1]/img</arg>
<doc>Waits until the element ``locator`` is visible.</doc>
<status status="PASS" starttime="20211006 17:59:06.786" endtime="20211006 17:59:16.573"/>
</kw>
<status status="PASS" starttime="20211006 17:59:06.785" endtime="20211006 17:59:16.574"/>
</kw>
<kw name="Fechar o navegador" library="resource">
<kw name="Close Browser" library="SeleniumLibrary">
<doc>Closes the current browser.</doc>
<status status="PASS" starttime="20211006 17:59:16.575" endtime="20211006 17:59:18.709"/>
</kw>
<status status="PASS" starttime="20211006 17:59:16.574" endtime="20211006 17:59:18.711"/>
</kw>
<status status="PASS" starttime="20211006 17:58:54.535" endtime="20211006 17:59:18.711"/>
</test>
<test id="s1-t2" name="Caso de teste 02: pesquisar um produto invalido">
<kw name="Acessar a pagina home do site da loja" library="resource">
<kw name="Open Browser" library="SeleniumLibrary">
<arg>url=${URL}</arg>
<arg>browser=${BROWSER}</arg>
<doc>Opens a new browser instance to the optional ``url``.</doc>
<msg timestamp="20211006 17:59:18.716" level="INFO">Opening browser 'chrome' to base url 'http://automationpractice.com/index.php'.</msg>
<status status="PASS" starttime="20211006 17:59:18.715" endtime="20211006 17:59:31.552"/>
</kw>
<status status="PASS" starttime="20211006 17:59:18.715" endtime="20211006 17:59:31.552"/>
</kw>
<kw name="Digitar o produto &quot;renato&quot; no campo de pesquisa" library="resource" sourcename="Digitar o produto &quot;${PRODUTO}&quot; no campo de pesquisa">
<kw name="Input Text" library="SeleniumLibrary">
<arg>id=search_query_top</arg>
<arg>${PRODUTO}</arg>
<doc>Types the given ``text`` into the text field identified by ``locator``.</doc>
<msg timestamp="20211006 17:59:31.554" level="INFO">Typing text 'renato' into text field 'id=search_query_top'.</msg>
<status status="PASS" starttime="20211006 17:59:31.554" endtime="20211006 17:59:31.643"/>
</kw>
<status status="PASS" starttime="20211006 17:59:31.553" endtime="20211006 17:59:31.644"/>
</kw>
<kw name="Clicar no botão pesquisar" library="resource">
<kw name="Click Element" library="SeleniumLibrary">
<arg>name=submit_search</arg>
<doc>Click the element identified by ``locator``.</doc>
<msg timestamp="20211006 17:59:31.646" level="INFO">Clicking element 'name=submit_search'.</msg>
<status status="PASS" starttime="20211006 17:59:31.646" endtime="20211006 17:59:40.832"/>
</kw>
<status status="PASS" starttime="20211006 17:59:31.644" endtime="20211006 17:59:40.832"/>
</kw>
<kw name="Conferir se o produto &quot;renato&quot; é exibido errado" library="resource">
<kw name="Wait Until Element Is Visible" library="SeleniumLibrary">
<arg>xpath=//*[@id="center_column"]/p</arg>
<doc>Waits until the element ``locator`` is visible.</doc>
<status status="PASS" starttime="20211006 17:59:40.834" endtime="20211006 17:59:40.862"/>
</kw>
<status status="PASS" starttime="20211006 17:59:40.833" endtime="20211006 17:59:40.862"/>
</kw>
<kw name="Fechar o navegador" library="resource">
<kw name="Close Browser" library="SeleniumLibrary">
<doc>Closes the current browser.</doc>
<status status="PASS" starttime="20211006 17:59:40.863" endtime="20211006 17:59:42.964"/>
</kw>
<status status="PASS" starttime="20211006 17:59:40.863" endtime="20211006 17:59:42.965"/>
</kw>
<status status="PASS" starttime="20211006 17:59:18.713" endtime="20211006 17:59:42.966"/>
</test>
<doc>Suite Exemplo Webtesting</doc>
<status status="PASS" starttime="20211006 17:58:54.351" endtime="20211006 17:59:42.971"/>
</suite>
<statistics>
<total>
<stat pass="2" fail="0" skip="0">All Tests</stat>
</total>
<tag>
</tag>
<suite>
<stat pass="2" fail="0" skip="0" id="s1" name="Minha Suite">Minha Suite</stat>
</suite>
</statistics>
<errors>
</errors>
</robot>
