<?xml version="1.0" encoding="UTF-8"?>
<robot generator="Robot 4.1.1 (Python 3.10.0 on win32)" generated="20211006 17:26:13.123" rpa="false" schemaversion="2">
<suite id="s1" name="Minha Suite" source="C:\Users\Prime\Documents\Projetos\PrimeTeste\webtesting\minha_suite.robot">
<test id="s1-t1" name="Caso de teste 01: pesquisar um produto no Site">
<kw name="Acessar a pagina home do site da loja" library="resource">
<kw name="Open Browser" library="SeleniumLibrary">
<arg>url=${URL}</arg>
<arg>browser=${BROWSER}</arg>
<doc>Opens a new browser instance to the optional ``url``.</doc>
<msg timestamp="20211006 17:26:13.340" level="INFO">Opening browser 'chrome' to base url 'http://automationpractice.com/index.php'.</msg>
<status status="PASS" starttime="20211006 17:26:13.339" endtime="20211006 17:26:24.331"/>
</kw>
<status status="PASS" starttime="20211006 17:26:13.339" endtime="20211006 17:26:24.331"/>
</kw>
<kw name="Digitar o produto &quot;blouse&quot; no campo de pesquisa" library="resource" sourcename="Digitar o produto &quot;${PRODUTO}&quot; no campo de pesquisa">
<kw name="Input Text" library="SeleniumLibrary">
<arg>id=search_query_top</arg>
<arg>${PRODUTO}</arg>
<doc>Types the given ``text`` into the text field identified by ``locator``.</doc>
<msg timestamp="20211006 17:26:24.333" level="INFO">Typing text 'blouse' into text field 'id=search_query_top'.</msg>
<status status="PASS" starttime="20211006 17:26:24.333" endtime="20211006 17:26:24.417"/>
</kw>
<status status="PASS" starttime="20211006 17:26:24.332" endtime="20211006 17:26:24.417"/>
</kw>
<kw name="Clicar no botão pesquisar" library="resource">
<kw name="Click Element" library="SeleniumLibrary">
<arg>name=submit_search</arg>
<doc>Click the element identified by ``locator``.</doc>
<msg timestamp="20211006 17:26:24.418" level="INFO">Clicking element 'name=submit_search'.</msg>
<status status="PASS" starttime="20211006 17:26:24.418" endtime="20211006 17:26:32.967"/>
</kw>
<status status="PASS" starttime="20211006 17:26:24.418" endtime="20211006 17:26:32.968"/>
</kw>
<kw name="Conferir se o produto &quot;blouse&quot; é exibido corretamente" library="resource" sourcename="Conferir se o produto &quot;${PRODUTO}&quot; é exibido corretamente">
<kw name="Wait Until Element Is Visible" library="SeleniumLibrary">
<arg>xpath=//*[@id="center_column"]/ul/li/div/div[1]/div/a[1]/img</arg>
<doc>Waits until the element ``locator`` is visible.</doc>
<status status="PASS" starttime="20211006 17:26:32.969" endtime="20211006 17:26:33.000"/>
</kw>
<status status="PASS" starttime="20211006 17:26:32.969" endtime="20211006 17:26:33.000"/>
</kw>
<kw name="Fechar o navegador" library="resource">
<kw name="Close Browser" library="SeleniumLibrary">
<doc>Closes the current browser.</doc>
<status status="PASS" starttime="20211006 17:26:33.002" endtime="20211006 17:26:35.143"/>
</kw>
<status status="PASS" starttime="20211006 17:26:33.002" endtime="20211006 17:26:35.144"/>
</kw>
<status status="PASS" starttime="20211006 17:26:13.338" endtime="20211006 17:26:35.146"/>
</test>
<test id="s1-t2" name="Caso de teste 02: pesquisar um produto invalido">
<kw name="Acessar a pagina home do site da loja" library="resource">
<kw name="Open Browser" library="SeleniumLibrary">
<arg>url=${URL}</arg>
<arg>browser=${BROWSER}</arg>
<doc>Opens a new browser instance to the optional ``url``.</doc>
<msg timestamp="20211006 17:26:35.153" level="INFO">Opening browser 'chrome' to base url 'http://automationpractice.com/index.php'.</msg>
<status status="PASS" starttime="20211006 17:26:35.152" endtime="20211006 17:26:46.993"/>
</kw>
<status status="PASS" starttime="20211006 17:26:35.151" endtime="20211006 17:26:46.994"/>
</kw>
<kw name="Digitar o produto &quot;renato&quot; no campo de pesquisa" library="resource" sourcename="Digitar o produto &quot;${PRODUTO}&quot; no campo de pesquisa">
<kw name="Input Text" library="SeleniumLibrary">
<arg>id=search_query_top</arg>
<arg>${PRODUTO}</arg>
<doc>Types the given ``text`` into the text field identified by ``locator``.</doc>
<msg timestamp="20211006 17:26:46.995" level="INFO">Typing text 'renato' into text field 'id=search_query_top'.</msg>
<status status="PASS" starttime="20211006 17:26:46.995" endtime="20211006 17:26:47.079"/>
</kw>
<status status="PASS" starttime="20211006 17:26:46.994" endtime="20211006 17:26:47.080"/>
</kw>
<kw name="Clicar no botão pesquisar" library="resource">
<kw name="Click Element" library="SeleniumLibrary">
<arg>name=submit_search</arg>
<doc>Click the element identified by ``locator``.</doc>
<msg timestamp="20211006 17:26:47.081" level="INFO">Clicking element 'name=submit_search'.</msg>
<status status="PASS" starttime="20211006 17:26:47.081" endtime="20211006 17:26:53.978"/>
</kw>
<status status="PASS" starttime="20211006 17:26:47.080" endtime="20211006 17:26:53.978"/>
</kw>
<kw name="Conferir se o produto &quot;renato&quot; é exibido errado" library="resource">
<kw name="Wait Until Element Is Visible" library="SeleniumLibrary">
<arg>xpath=//*[@id="center_column"]/p</arg>
<doc>Waits until the element ``locator`` is visible.</doc>
<status status="PASS" starttime="20211006 17:26:53.979" endtime="20211006 17:26:54.004"/>
</kw>
<status status="PASS" starttime="20211006 17:26:53.979" endtime="20211006 17:26:54.004"/>
</kw>
<kw name="Fechar o navegador" library="resource">
<kw name="Close Browser" library="SeleniumLibrary">
<doc>Closes the current browser.</doc>
<status status="PASS" starttime="20211006 17:26:54.005" endtime="20211006 17:26:56.121"/>
</kw>
<status status="PASS" starttime="20211006 17:26:54.005" endtime="20211006 17:26:56.122"/>
</kw>
<status status="PASS" starttime="20211006 17:26:35.149" endtime="20211006 17:26:56.122"/>
</test>
<doc>Suite Exemplo Webtesting</doc>
<status status="PASS" starttime="20211006 17:26:13.125" endtime="20211006 17:26:56.127"/>
</suite>
<statistics>
<total>
<stat pass="2" fail="0" skip="0">All Tests</stat>
</total>
<tag>
</tag>
<suite>
<stat pass="2" fail="0" skip="0" id="s1" name="Minha Suite">Minha Suite</stat>
</suite>
</statistics>
<errors>
</errors>
</robot>
